2024-11-27T17:18:57.969746-0500 Starting IgBLAST preprocessing.
2024-11-27T17:18:57.970229-0500 Loading file: data/igblast_results.tsv
2024-11-27T17:18:58.159602-0500 Normalizing gene calls by removing alleles.
2024-11-27T17:18:58.181348-0500 Computing CDR3 region lengths.
2024-11-27T17:18:58.187644-0500 Converting comma-separated gene calls into sets.
2024-11-27T17:18:58.226047-0500 Preprocessing completed successfully.
2024-11-27T17:18:58.226536-0500 Initializing Hamming graph computation...
2024-11-27T17:19:04.815238-0500 Total sequence pairs to process: 49995000
2024-11-27T17:21:17.289335-0500 Hamming graph successfully saved to cache.
2024-11-27T17:21:17.289946-0500 Hamming graph computation completed.
2024-11-27T17:21:18.417452-0500 Extracting clonal lineages from the Hamming graph.
2024-11-27T17:21:18.420695-0500 Identified 623 clonal lineages.
2024-11-27T17:21:18.421293-0500 Starting computation of clonal lineage statistics.
2024-11-27T17:21:18.421731-0500 Assigning clonal lineages to sequences in the IgBLAST result.
2024-11-27T17:21:21.642726-0500 Grouping sequences by clonal lineage and filtering lineages with at least 10 sequences.
2024-11-27T17:21:21.660912-0500 Completed computation of clonal lineage statistics.
2024-11-27T17:21:26.684107-0500 Computing usage statistics for V genes.
2024-11-27T17:21:26.684567-0500 Mapping nodes to their respective clonal lineages.
2024-11-27T17:21:26.689368-0500 Counting V gene usage.
2024-11-27T17:21:26.693069-0500 Caching usage statistics.
2024-11-27T17:21:26.693756-0500 Cached usage statistics.
2024-11-27T17:21:26.694458-0500 Starting to plot usage statistics.
2024-11-27T17:21:27.255022-0500 Displaying the plot interactively.
2024-11-27T17:21:30.744581-0500 Plotting completed successfully.
2024-11-27T17:21:30.744991-0500 Extracting amino acid sequences from the largest clonal lineage.
